c:\users\diego\documentos\visual studio 2015\projects\tge\tge\debug\vc140.pdb
c:\users\diego\documentos\visual studio 2015\projects\tge\tge\debug\vc140.idb
c:\users\diego\documentos\visual studio 2015\projects\tge\tge\debug\tgimagedata.obj
c:\users\diego\documentos\visual studio 2015\projects\tge\tge\debug\tginput.obj
c:\users\diego\documentos\visual studio 2015\projects\tge\tge\debug\tgutil.obj
c:\users\diego\documentos\visual studio 2015\projects\tge\tge\debug\tgwindow.obj
c:\users\diego\documentos\visual studio 2015\projects\tge\tge\debug\tgbuffer.obj
c:\users\diego\documentos\visual studio 2015\projects\tge\tge\debug\tgshaderprogram.obj
c:\users\diego\documentos\visual studio 2015\projects\tge\tge\debug\tgspriterenderer.obj
c:\users\diego\documentos\visual studio 2015\projects\tge\tge\debug\tgtexture.obj
c:\users\diego\documentos\visual studio 2015\projects\tge\tge\debug\tgvertexarrayobject.obj
c:\users\diego\documentos\visual studio 2015\projects\tge\tge\debug\tgvertexformat.obj
c:\users\diego\documentos\visual studio 2015\projects\tge\tge\debug\main.obj
c:\users\diego\documentos\visual studio 2015\projects\tge\tge\debug\tgmath.obj
c:\users\diego\documentos\visual studio 2015\projects\tge\debug\tge.ilk
c:\users\diego\documentos\visual studio 2015\projects\tge\debug\tge.exe
c:\users\diego\documentos\visual studio 2015\projects\tge\debug\tge.pdb
c:\users\diego\documentos\visual studio 2015\projects\tge\tge\debug\tge.tlog\cl.command.1.tlog
c:\users\diego\documentos\visual studio 2015\projects\tge\tge\debug\tge.tlog\cl.read.1.tlog
c:\users\diego\documentos\visual studio 2015\projects\tge\tge\debug\tge.tlog\cl.write.1.tlog
c:\users\diego\documentos\visual studio 2015\projects\tge\tge\debug\tge.tlog\link.command.1.tlog
c:\users\diego\documentos\visual studio 2015\projects\tge\tge\debug\tge.tlog\link.read.1.tlog
c:\users\diego\documentos\visual studio 2015\projects\tge\tge\debug\tge.tlog\link.write.1.tlog
c:\users\diego\documentos\visual studio 2015\projects\tge\tge\debug\tge.tlog\tge.write.1u.tlog
